<?xml version="1.0" encoding="UTF-8"?>
<!-- Generated by org.testng.reporters.JUnitReportReporter -->
<testsuite hostname="LAPTOP-DML28472" failures="0" tests="3" name="rcbCricktersData.assesmentRCB.VerifyRoles" time="4.270" errors="0" timestamp="2023-02-13T22:51:40 IST" skipped="2">
  <testcase classname="rcbCricktersData.assesmentRCB.VerifyRoles" name="getverifyRoles" time="4.270"/>
  <system-out/>
  <testcase classname="rcbCricktersData.assesmentRCB.VerifyRoles" name="verifyRoles">
    <skipped/>
  </testcase> <!-- verifyRoles -->
  <system-out/>
  <testcase classname="rcbCricktersData.assesmentRCB.VerifyRoles" name="verifyCountry">
    <skipped/>
  </testcase> <!-- verifyCountry -->
  <system-out/>
</testsuite> <!-- rcbCricktersData.assesmentRCB.VerifyRoles -->
